<?xml version="1.0" encoding="UTF-8" ?>
<testsuite errors="0" failures="0" hostname="PC-20151003LERH" name="info.itest.www.RunAll" skipped="0" tests="4" time="120.754" timestamp="2015-11-08T12:44:05">
  <properties>
[...]
</properties>
  <testcase classname="info.itest.www.TestCreatePost" name="testCreatePost" time="46.886" />
  <testcase classname="info.itest.www.TestDeletePost" name="testDeletePost" time="36.722" />
  <testcase classname="info.itest.www.TestLogin" name="testLogin" time="16.689" />
  <testcase classname="info.itest.www.TestLogin" name="testLoginFailed" time="20.107" />
  <system-out><![CDATA[]]></system-out>
  <system-err><![CDATA[]]></system-err>
</testsuite>
